<?xml version="1.0" encoding="UTF-8"?>
<testng-results ignored="0" total="10" passed="9" failed="1" skipped="0">
  <reporter-output>
  </reporter-output>
  <suite started-at="2023-07-13T17:34:47 IST" name="Surefire suite" finished-at="2023-07-13T17:38:08 IST" duration-ms="200791">
    <groups>
    </groups>
    <test started-at="2023-07-13T17:34:47 IST" name="Surefire test" finished-at="2023-07-13T17:38:08 IST" duration-ms="200791">
      <class name="com.crm.qa.testcases.ContactPageTest">
        <test-method is-config="true" signature="beforeClass()[pri:0, instance:com.crm.qa.testcases.ContactPageTest@793be5ca]" started-at="2023-07-13T17:36:23 IST" name="beforeClass" finished-at="2023-07-13T17:36:23 IST" duration-ms="2" status="PASS">
          <reporter-output>
          </reporter-output>
        </test-method> <!-- beforeClass -->
        <test-method is-config="true" signature="initialization()[pri:0, instance:com.crm.qa.testcases.ContactPageTest@793be5ca]" started-at="2023-07-13T17:36:23 IST" name="initialization" finished-at="2023-07-13T17:36:30 IST" duration-ms="6775" status="PASS">
          <reporter-output>
          </reporter-output>
        </test-method> <!-- initialization -->
        <test-method is-config="true" signature="setup()[pri:0, instance:com.crm.qa.testcases.ContactPageTest@793be5ca]" started-at="2023-07-13T17:36:30 IST" name="setup" finished-at="2023-07-13T17:36:32 IST" duration-ms="2442" status="PASS">
          <reporter-output>
          </reporter-output>
        </test-method> <!-- setup -->
        <test-method signature="verifyContactPage()[pri:0, instance:com.crm.qa.testcases.ContactPageTest@793be5ca]" started-at="2023-07-13T17:36:32 IST" name="verifyContactPage" finished-at="2023-07-13T17:36:32 IST" duration-ms="30" status="PASS">
          <reporter-output>
          </reporter-output>
        </test-method> <!-- verifyContactPage -->
        <test-method is-config="true" signature="tearDown()[pri:0, instance:com.crm.qa.testcases.ContactPageTest@793be5ca]" started-at="2023-07-13T17:36:32 IST" name="tearDown" finished-at="2023-07-13T17:36:33 IST" duration-ms="156" status="PASS">
          <reporter-output>
          </reporter-output>
        </test-method> <!-- tearDown -->
        <test-method is-config="true" signature="initialization()[pri:0, instance:com.crm.qa.testcases.ContactPageTest@793be5ca]" started-at="2023-07-13T17:36:33 IST" name="initialization" finished-at="2023-07-13T17:36:39 IST" duration-ms="6734" status="PASS">
          <reporter-output>
          </reporter-output>
        </test-method> <!-- initialization -->
        <test-method is-config="true" signature="setup()[pri:0, instance:com.crm.qa.testcases.ContactPageTest@793be5ca]" started-at="2023-07-13T17:36:39 IST" name="setup" finished-at="2023-07-13T17:36:43 IST" duration-ms="3378" status="PASS">
          <reporter-output>
          </reporter-output>
        </test-method> <!-- setup -->
        <test-method signature="verifySelectContact()[pri:0, instance:com.crm.qa.testcases.ContactPageTest@793be5ca]" started-at="2023-07-13T17:36:43 IST" name="verifySelectContact" finished-at="2023-07-13T17:36:45 IST" duration-ms="2327" status="PASS">
          <reporter-output>
          </reporter-output>
        </test-method> <!-- verifySelectContact -->
        <test-method is-config="true" signature="tearDown()[pri:0, instance:com.crm.qa.testcases.ContactPageTest@793be5ca]" started-at="2023-07-13T17:36:45 IST" name="tearDown" finished-at="2023-07-13T17:36:45 IST" duration-ms="122" status="PASS">
          <reporter-output>
          </reporter-output>
        </test-method> <!-- tearDown -->
      </class> <!-- com.crm.qa.testcases.ContactPageTest -->
      <class name="com.crm.qa.testcases.HomePageTest">
        <test-method is-config="true" signature="beforeClass()[pri:0, instance:com.crm.qa.testcases.HomePageTest@37654521]" started-at="2023-07-13T17:36:45 IST" name="beforeClass" finished-at="2023-07-13T17:36:45 IST" duration-ms="0" status="PASS">
          <reporter-output>
          </reporter-output>
        </test-method> <!-- beforeClass -->
        <test-method is-config="true" signature="initialization()[pri:0, instance:com.crm.qa.testcases.HomePageTest@37654521]" started-at="2023-07-13T17:36:45 IST" name="initialization" finished-at="2023-07-13T17:36:52 IST" duration-ms="6665" status="PASS">
          <reporter-output>
          </reporter-output>
        </test-method> <!-- initialization -->
        <test-method is-config="true" signature="setup()[pri:0, instance:com.crm.qa.testcases.HomePageTest@37654521]" started-at="2023-07-13T17:36:52 IST" name="setup" finished-at="2023-07-13T17:36:52 IST" duration-ms="265" status="PASS">
          <reporter-output>
          </reporter-output>
        </test-method> <!-- setup -->
        <test-method signature="clickOnContacts()[pri:1, instance:com.crm.qa.testcases.HomePageTest@37654521]" started-at="2023-07-13T17:36:52 IST" name="clickOnContacts" finished-at="2023-07-13T17:36:55 IST" duration-ms="2470" status="PASS">
          <reporter-output>
          </reporter-output>
        </test-method> <!-- clickOnContacts -->
        <test-method is-config="true" signature="tearDown()[pri:0, instance:com.crm.qa.testcases.HomePageTest@37654521]" started-at="2023-07-13T17:36:55 IST" name="tearDown" finished-at="2023-07-13T17:36:55 IST" duration-ms="192" status="PASS">
          <reporter-output>
          </reporter-output>
        </test-method> <!-- tearDown -->
        <test-method is-config="true" signature="initialization()[pri:0, instance:com.crm.qa.testcases.HomePageTest@37654521]" started-at="2023-07-13T17:36:55 IST" name="initialization" finished-at="2023-07-13T17:37:01 IST" duration-ms="6709" status="PASS">
          <reporter-output>
          </reporter-output>
        </test-method> <!-- initialization -->
        <test-method is-config="true" signature="setup()[pri:0, instance:com.crm.qa.testcases.HomePageTest@37654521]" started-at="2023-07-13T17:37:01 IST" name="setup" finished-at="2023-07-13T17:37:02 IST" duration-ms="276" status="PASS">
          <reporter-output>
          </reporter-output>
        </test-method> <!-- setup -->
        <test-method signature="verifyHomePage()[pri:2, instance:com.crm.qa.testcases.HomePageTest@37654521]" started-at="2023-07-13T17:37:02 IST" name="verifyHomePage" finished-at="2023-07-13T17:37:04 IST" duration-ms="2378" status="PASS">
          <reporter-output>
          </reporter-output>
        </test-method> <!-- verifyHomePage -->
        <test-method is-config="true" signature="tearDown()[pri:0, instance:com.crm.qa.testcases.HomePageTest@37654521]" started-at="2023-07-13T17:37:04 IST" name="tearDown" finished-at="2023-07-13T17:37:04 IST" duration-ms="251" status="PASS">
          <reporter-output>
          </reporter-output>
        </test-method> <!-- tearDown -->
      </class> <!-- com.crm.qa.testcases.HomePageTest -->
      <class name="com.crm.qa.testcases.LoginPageTest">
        <test-method is-config="true" signature="beforeClass()[pri:0, instance:com.crm.qa.testcases.LoginPageTest@15aab8c6]" started-at="2023-07-13T17:37:04 IST" name="beforeClass" finished-at="2023-07-13T17:37:04 IST" duration-ms="1" status="PASS">
          <reporter-output>
          </reporter-output>
        </test-method> <!-- beforeClass -->
        <test-method is-config="true" signature="initialization()[pri:0, instance:com.crm.qa.testcases.LoginPageTest@15aab8c6]" started-at="2023-07-13T17:37:04 IST" name="initialization" finished-at="2023-07-13T17:37:11 IST" duration-ms="6854" status="PASS">
          <reporter-output>
          </reporter-output>
        </test-method> <!-- initialization -->
        <test-method signature="LoginTest()[pri:0, instance:com.crm.qa.testcases.LoginPageTest@15aab8c6]" started-at="2023-07-13T17:37:11 IST" name="LoginTest" finished-at="2023-07-13T17:37:11 IST" duration-ms="17" status="PASS">
          <reporter-output>
          </reporter-output>
        </test-method> <!-- LoginTest -->
        <test-method is-config="true" signature="setup()[pri:0, instance:com.crm.qa.testcases.LoginPageTest@15aab8c6]" started-at="2023-07-13T17:37:11 IST" name="setup" finished-at="2023-07-13T17:37:11 IST" duration-ms="0" status="PASS">
          <reporter-output>
          </reporter-output>
        </test-method> <!-- setup -->
        <test-method is-config="true" signature="tearDown()[pri:0, instance:com.crm.qa.testcases.LoginPageTest@15aab8c6]" started-at="2023-07-13T17:37:11 IST" name="tearDown" finished-at="2023-07-13T17:37:11 IST" duration-ms="179" status="PASS">
          <reporter-output>
          </reporter-output>
        </test-method> <!-- tearDown -->
        <test-method is-config="true" signature="initialization()[pri:0, instance:com.crm.qa.testcases.LoginPageTest@15aab8c6]" started-at="2023-07-13T17:37:11 IST" name="initialization" finished-at="2023-07-13T17:37:19 IST" duration-ms="7468" status="PASS">
          <reporter-output>
          </reporter-output>
        </test-method> <!-- initialization -->
        <test-method signature="crmLogoImage()[pri:0, instance:com.crm.qa.testcases.LoginPageTest@15aab8c6]" started-at="2023-07-13T17:37:19 IST" name="crmLogoImage" finished-at="2023-07-13T17:38:00 IST" duration-ms="41523" status="FAIL">
          <exception class="org.openqa.selenium.TimeoutException">
            <message>
              <![CDATA[Time Out Exception while waiting for the visibility of the web element:Proxy element for: DefaultElementLocator 'By.xpath: //*[@id='top-header-menu']/div'
]]>
            </message>
            <full-stacktrace>
              <![CDATA[org.openqa.selenium.TimeoutException: Time Out Exception while waiting for the visibility of the web element:Proxy element for: DefaultElementLocator 'By.xpath: //*[@id='top-header-menu']/div'

at com.crm.qa.base.WebActions.waitForElementVisibility(WebActions.java:31)
at com.crm.qa.pages.LoginPage.validateCRMImage(LoginPage.java:48)
at com.crm.qa.testcases.LoginPageTest.crmLogoImage(LoginPageTest.java:33)
at java.base/jdk.internal.reflect.NativeMethodAccessorImpl.invoke0(Native Method)
at java.base/jdk.internal.reflect.NativeMethodAccessorImpl.invoke(NativeMethodAccessorImpl.java:77)
at java.base/jdk.internal.reflect.DelegatingMethodAccessorImpl.invoke(DelegatingMethodAccessorImpl.java:43)
at java.base/java.lang.reflect.Method.invoke(Method.java:568)
at org.testng.internal.invokers.MethodInvocationHelper.invokeMethod(MethodInvocationHelper.java:139)
at org.testng.internal.invokers.TestInvoker.invokeMethod(TestInvoker.java:677)
at org.testng.internal.invokers.TestInvoker.invokeTestMethod(TestInvoker.java:221)
at org.testng.internal.invokers.MethodRunner.runInSequence(MethodRunner.java:50)
at org.testng.internal.invokers.TestInvoker$MethodInvocationAgent.invoke(TestInvoker.java:969)
at org.testng.internal.invokers.TestInvoker.invokeTestMethods(TestInvoker.java:194)
at org.testng.internal.invokers.TestMethodWorker.invokeTestMethods(TestMethodWorker.java:148)
at org.testng.internal.invokers.TestMethodWorker.run(TestMethodWorker.java:128)
at java.base/java.util.ArrayList.forEach(ArrayList.java:1511)
at org.testng.TestRunner.privateRun(TestRunner.java:829)
at org.testng.TestRunner.run(TestRunner.java:602)
at org.testng.SuiteRunner.runTest(SuiteRunner.java:437)
at org.testng.SuiteRunner.runSequentially(SuiteRunner.java:431)
at org.testng.SuiteRunner.privateRun(SuiteRunner.java:391)
at org.testng.SuiteRunner.run(SuiteRunner.java:330)
at org.testng.SuiteRunnerWorker.runSuite(SuiteRunnerWorker.java:52)
at org.testng.SuiteRunnerWorker.run(SuiteRunnerWorker.java:95)
at org.testng.TestNG.runSuitesSequentially(TestNG.java:1256)
at org.testng.TestNG.runSuitesLocally(TestNG.java:1176)
at org.testng.TestNG.runSuites(TestNG.java:1099)
at org.testng.TestNG.run(TestNG.java:1067)
at org.apache.maven.surefire.testng.TestNGExecutor.run(TestNGExecutor.java:155)
at org.apache.maven.surefire.testng.TestNGDirectoryTestSuite.executeMulti(TestNGDirectoryTestSuite.java:169)
at org.apache.maven.surefire.testng.TestNGDirectoryTestSuite.execute(TestNGDirectoryTestSuite.java:88)
at org.apache.maven.surefire.testng.TestNGProvider.invoke(TestNGProvider.java:137)
at org.apache.maven.surefire.booter.ForkedBooter.runSuitesInProcess(ForkedBooter.java:385)
at org.apache.maven.surefire.booter.ForkedBooter.execute(ForkedBooter.java:162)
at org.apache.maven.surefire.booter.ForkedBooter.run(ForkedBooter.java:507)
at org.apache.maven.surefire.booter.ForkedBooter.main(ForkedBooter.java:495)
Caused by: org.openqa.selenium.TimeoutException: Expected condition failed: waiting for visibility of Proxy element for: DefaultElementLocator 'By.xpath: //*[@id='top-header-menu']/div' (tried for 20 second(s) with 500 milliseconds interval)
at org.openqa.selenium.support.ui.WebDriverWait.timeoutException(WebDriverWait.java:87)
at org.openqa.selenium.support.ui.FluentWait.until(FluentWait.java:231)
at com.crm.qa.base.WebActions.waitForElementVisibility(WebActions.java:28)
... 35 more
Caused by: org.openqa.selenium.NoSuchElementException: no such element: Unable to locate element: {"method":"xpath","selector":"//*[@id='top-header-menu']/div"}
  (Session info: chrome=113.0.5672.126)
For documentation on this error, please visit: https://selenium.dev/exceptions/#no_such_element
Build info: version: '4.1.4', revision: '535d840ee2'
System info: host: 'MacBook-Air.local', ip: '2405:201:3027:20b1:44a9:1ff6:59dc:2dd6%en0', os.name: 'Mac OS X', os.arch: 'aarch64', os.version: '13.4.1', java.version: '17.0.5'
Driver info: org.openqa.selenium.chrome.ChromeDriver
Command: [0c510005238cc47c4de86459ccb4468d, findElement {using=xpath, value=//*[@id='top-header-menu']/div}]
Capabilities {acceptInsecureCerts: false, browserName: chrome, browserVersion: 113.0.5672.126, chrome: {chromedriverVersion: 113.0.5672.63 (0e1a4471d5ae..., userDataDir: /var/folders/tl/tr0vkmyj3ln...}, goog:chromeOptions: {debuggerAddress: localhost:49995}, javascriptEnabled: true, networkConnectionEnabled: false, pageLoadStrategy: normal, platform: MAC, platformName: MAC, proxy: Proxy(), se:cdp: ws://localhost:49995/devtoo..., se:cdpVersion: 113.0.5672.126, setWindowRect: true, strictFileInteractability: false, timeouts: {implicit: 0, pageLoad: 300000, script: 30000}, unhandledPromptBehavior: dismiss and notify, webauthn:extension:credBlob: true, webauthn:extension:largeBlob: true, webauthn:extension:minPinLength: true, webauthn:extension:prf: true, webauthn:virtualAuthenticators: true}
Session ID: 0c510005238cc47c4de86459ccb4468d
at java.base/jdk.internal.reflect.NativeConstructorAccessorImpl.newInstance0(Native Method)
at java.base/jdk.internal.reflect.NativeConstructorAccessorImpl.newInstance(NativeConstructorAccessorImpl.java:77)
at java.base/jdk.internal.reflect.DelegatingConstructorAccessorImpl.newInstance(DelegatingConstructorAccessorImpl.java:45)
at java.base/java.lang.reflect.Constructor.newInstanceWithCaller(Constructor.java:499)
at java.base/java.lang.reflect.Constructor.newInstance(Constructor.java:480)
at org.openqa.selenium.remote.codec.w3c.W3CHttpResponseCodec.createException(W3CHttpResponseCodec.java:200)
at org.openqa.selenium.remote.codec.w3c.W3CHttpResponseCodec.decode(W3CHttpResponseCodec.java:133)
at org.openqa.selenium.remote.codec.w3c.W3CHttpResponseCodec.decode(W3CHttpResponseCodec.java:53)
at org.openqa.selenium.remote.HttpCommandExecutor.execute(HttpCommandExecutor.java:184)
at org.openqa.selenium.remote.service.DriverCommandExecutor.invokeExecute(DriverCommandExecutor.java:167)
at org.openqa.selenium.remote.service.DriverCommandExecutor.execute(DriverCommandExecutor.java:142)
at org.openqa.selenium.remote.RemoteWebDriver.execute(RemoteWebDriver.java:567)
at org.openqa.selenium.remote.ElementLocation$ElementFinder$2.findElement(ElementLocation.java:162)
at org.openqa.selenium.remote.ElementLocation.findElement(ElementLocation.java:60)
at org.openqa.selenium.remote.RemoteWebDriver.findElement(RemoteWebDriver.java:385)
at org.openqa.selenium.remote.RemoteWebDriver.findElement(RemoteWebDriver.java:377)
at jdk.internal.reflect.GeneratedMethodAccessor2.invoke(Unknown Source)
at java.base/jdk.internal.reflect.DelegatingMethodAccessorImpl.invoke(DelegatingMethodAccessorImpl.java:43)
at java.base/java.lang.reflect.Method.invoke(Method.java:568)
at org.openqa.selenium.support.events.EventFiringWebDriver.lambda$new$1(EventFiringWebDriver.java:115)
at jdk.proxy2/jdk.proxy2.$Proxy13.findElement(Unknown Source)
at org.openqa.selenium.support.events.EventFiringWebDriver.findElement(EventFiringWebDriver.java:204)
at org.openqa.selenium.support.pagefactory.DefaultElementLocator.findElement(DefaultElementLocator.java:70)
at org.openqa.selenium.support.pagefactory.internal.LocatingElementHandler.invoke(LocatingElementHandler.java:39)
at jdk.proxy2/jdk.proxy2.$Proxy17.isDisplayed(Unknown Source)
at org.openqa.selenium.support.ui.ExpectedConditions.elementIfVisible(ExpectedConditions.java:307)
at org.openqa.selenium.support.ui.ExpectedConditions.access$000(ExpectedConditions.java:40)
at org.openqa.selenium.support.ui.ExpectedConditions$10.apply(ExpectedConditions.java:293)
at org.openqa.selenium.support.ui.ExpectedConditions$10.apply(ExpectedConditions.java:290)
at org.openqa.selenium.support.ui.FluentWait.until(FluentWait.java:208)
... 36 more
]]>
            </full-stacktrace>
          </exception> <!-- org.openqa.selenium.TimeoutException -->
          <reporter-output>
          </reporter-output>
        </test-method> <!-- crmLogoImage -->
        <test-method is-config="true" signature="setup()[pri:0, instance:com.crm.qa.testcases.LoginPageTest@15aab8c6]" started-at="2023-07-13T17:37:19 IST" name="setup" finished-at="2023-07-13T17:37:19 IST" duration-ms="0" status="PASS">
          <reporter-output>
          </reporter-output>
        </test-method> <!-- setup -->
        <test-method is-config="true" signature="tearDown()[pri:0, instance:com.crm.qa.testcases.LoginPageTest@15aab8c6]" started-at="2023-07-13T17:38:00 IST" name="tearDown" finished-at="2023-07-13T17:38:01 IST" duration-ms="155" status="PASS">
          <reporter-output>
          </reporter-output>
        </test-method> <!-- tearDown -->
        <test-method is-config="true" signature="initialization()[pri:0, instance:com.crm.qa.testcases.LoginPageTest@15aab8c6]" started-at="2023-07-13T17:38:01 IST" name="initialization" finished-at="2023-07-13T17:38:07 IST" duration-ms="6755" status="PASS">
          <reporter-output>
          </reporter-output>
        </test-method> <!-- initialization -->
        <test-method signature="loginTest()[pri:0, instance:com.crm.qa.testcases.LoginPageTest@15aab8c6]" started-at="2023-07-13T17:38:07 IST" name="loginTest" finished-at="2023-07-13T17:38:08 IST" duration-ms="271" status="PASS">
          <reporter-output>
          </reporter-output>
        </test-method> <!-- loginTest -->
        <test-method is-config="true" signature="setup()[pri:0, instance:com.crm.qa.testcases.LoginPageTest@15aab8c6]" started-at="2023-07-13T17:38:07 IST" name="setup" finished-at="2023-07-13T17:38:07 IST" duration-ms="0" status="PASS">
          <reporter-output>
          </reporter-output>
        </test-method> <!-- setup -->
        <test-method is-config="true" signature="tearDown()[pri:0, instance:com.crm.qa.testcases.LoginPageTest@15aab8c6]" started-at="2023-07-13T17:38:08 IST" name="tearDown" finished-at="2023-07-13T17:38:08 IST" duration-ms="116" status="PASS">
          <reporter-output>
          </reporter-output>
        </test-method> <!-- tearDown -->
      </class> <!-- com.crm.qa.testcases.LoginPageTest -->
      <class name="com.crm.qa.testcases.CreateNewContactTest">
        <test-method is-config="true" signature="beforeClass()[pri:0, instance:com.crm.qa.testcases.CreateNewContactTest@1a4013]" started-at="2023-07-13T17:34:47 IST" name="beforeClass" finished-at="2023-07-13T17:34:47 IST" duration-ms="5" status="PASS">
          <reporter-output>
          </reporter-output>
        </test-method> <!-- beforeClass -->
        <test-method is-config="true" signature="initialization()[pri:0, instance:com.crm.qa.testcases.CreateNewContactTest@1a4013]" started-at="2023-07-13T17:34:47 IST" name="initialization" finished-at="2023-07-13T17:34:55 IST" duration-ms="7775" status="PASS">
          <reporter-output>
          </reporter-output>
        </test-method> <!-- initialization -->
        <test-method is-config="true" signature="setup()[pri:0, instance:com.crm.qa.testcases.CreateNewContactTest@1a4013]" started-at="2023-07-13T17:34:55 IST" name="setup" finished-at="2023-07-13T17:34:57 IST" duration-ms="2654" status="PASS">
          <reporter-output>
          </reporter-output>
        </test-method> <!-- setup -->
        <test-method signature="createContact()[pri:0, instance:com.crm.qa.testcases.CreateNewContactTest@1a4013]" started-at="2023-07-13T17:34:57 IST" name="createContact" finished-at="2023-07-13T17:35:19 IST" duration-ms="21883" status="PASS">
          <reporter-output>
          </reporter-output>
        </test-method> <!-- createContact -->
        <test-method is-config="true" signature="tearDown()[pri:0, instance:com.crm.qa.testcases.CreateNewContactTest@1a4013]" started-at="2023-07-13T17:35:19 IST" name="tearDown" finished-at="2023-07-13T17:35:19 IST" duration-ms="222" status="PASS">
          <reporter-output>
          </reporter-output>
        </test-method> <!-- tearDown -->
        <test-method is-config="true" signature="initialization()[pri:0, instance:com.crm.qa.testcases.CreateNewContactTest@1a4013]" started-at="2023-07-13T17:35:20 IST" name="initialization" finished-at="2023-07-13T17:35:27 IST" duration-ms="6958" status="PASS">
          <reporter-output>
          </reporter-output>
        </test-method> <!-- initialization -->
        <test-method is-config="true" signature="setup()[pri:0, instance:com.crm.qa.testcases.CreateNewContactTest@1a4013]" started-at="2023-07-13T17:35:27 IST" name="setup" finished-at="2023-07-13T17:35:29 IST" duration-ms="2560" status="PASS">
          <reporter-output>
          </reporter-output>
        </test-method> <!-- setup -->
        <test-method signature="createUser(java.lang.String,java.lang.String,java.lang.String,java.lang.String)[pri:0, instance:com.crm.qa.testcases.CreateNewContactTest@1a4013]" started-at="2023-07-13T17:35:29 IST" name="createUser" data-provider="getUserDetails" finished-at="2023-07-13T17:35:51 IST" duration-ms="21737" status="PASS">
          <params>
            <param index="0">
              <value>
                <![CDATA[Mr.]]>
              </value>
            </param>
            <param index="1">
              <value>
                <![CDATA[Sam]]>
              </value>
            </param>
            <param index="2">
              <value>
                <![CDATA[sun]]>
              </value>
            </param>
            <param index="3">
              <value>
                <![CDATA[SunMirco]]>
              </value>
            </param>
          </params>
          <reporter-output>
          </reporter-output>
        </test-method> <!-- createUser -->
        <test-method is-config="true" signature="tearDown()[pri:0, instance:com.crm.qa.testcases.CreateNewContactTest@1a4013]" started-at="2023-07-13T17:35:51 IST" name="tearDown" finished-at="2023-07-13T17:35:51 IST" duration-ms="201" status="PASS">
          <reporter-output>
          </reporter-output>
        </test-method> <!-- tearDown -->
        <test-method is-config="true" signature="initialization()[pri:0, instance:com.crm.qa.testcases.CreateNewContactTest@1a4013]" started-at="2023-07-13T17:35:51 IST" name="initialization" finished-at="2023-07-13T17:35:58 IST" duration-ms="6808" status="PASS">
          <reporter-output>
          </reporter-output>
        </test-method> <!-- initialization -->
        <test-method is-config="true" signature="setup()[pri:0, instance:com.crm.qa.testcases.CreateNewContactTest@1a4013]" started-at="2023-07-13T17:35:58 IST" name="setup" finished-at="2023-07-13T17:36:01 IST" duration-ms="3115" status="PASS">
          <reporter-output>
          </reporter-output>
        </test-method> <!-- setup -->
        <test-method signature="createUser(java.lang.String,java.lang.String,java.lang.String,java.lang.String)[pri:0, instance:com.crm.qa.testcases.CreateNewContactTest@1a4013]" started-at="2023-07-13T17:36:01 IST" name="createUser" data-provider="getUserDetails" finished-at="2023-07-13T17:36:23 IST" duration-ms="21782" status="PASS">
          <params>
            <param index="0">
              <value>
                <![CDATA[Mr.]]>
              </value>
            </param>
            <param index="1">
              <value>
                <![CDATA[Ram]]>
              </value>
            </param>
            <param index="2">
              <value>
                <![CDATA[Singh]]>
              </value>
            </param>
            <param index="3">
              <value>
                <![CDATA[Micro]]>
              </value>
            </param>
          </params>
          <reporter-output>
          </reporter-output>
        </test-method> <!-- createUser -->
        <test-method is-config="true" signature="tearDown()[pri:0, instance:com.crm.qa.testcases.CreateNewContactTest@1a4013]" started-at="2023-07-13T17:36:23 IST" name="tearDown" finished-at="2023-07-13T17:36:23 IST" duration-ms="245" status="PASS">
          <reporter-output>
          </reporter-output>
        </test-method> <!-- tearDown -->
      </class> <!-- com.crm.qa.testcases.CreateNewContactTest -->
    </test> <!-- Surefire test -->
  </suite> <!-- Surefire suite -->
</testng-results>
